

============================== 15:12:43.328561 | 990a1491-bcb3-4689-9c5d-87f79ae688bc ==============================
[0m15:12:43.328561 [info ] [Dummy-1   ]: Running with dbt=1.9.4
[0m15:12:43.329860 [debug] [Dummy-1   ]: running dbt with arguments {'printer_width': '80', 'indirect_selection': 'eager', 'log_cache_events': 'False', 'write_json': 'True', 'partial_parse': 'True', 'cache_selected_only': 'False', 'profiles_dir': '/tmp/dbt/', 'version_check': 'True', 'debug': 'False', 'log_path': '/tmp/dbt/logs', 'warn_error': 'None', 'fail_fast': 'False', 'use_colors': 'True', 'use_experimental_parser': 'False', 'empty': 'None', 'quiet': 'False', 'no_print': 'None', 'log_format': 'default', 'static_parser': 'True', 'invocation_command': 'dbt ', 'introspect': 'True', 'target_path': 'None', 'warn_error_options': 'WarnErrorOptions(include=[], exclude=[])', 'send_anonymous_usage_stats': 'False'}
[0m15:12:43.590120 [debug] [Dummy-1   ]: Set downloads directory='/tmp/dbt-downloads-bo4ptyy0'
[0m15:12:43.591132 [debug] [Dummy-1   ]: Making package index registry request: GET https://hub.getdbt.com/api/v1/index.json
[0m15:12:43.812464 [debug] [Dummy-1   ]: Response from registry index: GET https://hub.getdbt.com/api/v1/index.json 200
[0m15:12:43.813629 [debug] [Dummy-1   ]: Making package registry request: GET https://hub.getdbt.com/api/v1/Snowflake-Labs/dbt_semantic_view.json
[0m15:12:43.997128 [debug] [Dummy-1   ]: Response from registry: GET https://hub.getdbt.com/api/v1/Snowflake-Labs/dbt_semantic_view.json 200
[0m15:12:44.006803 [info ] [Dummy-1   ]: Updating lock file in file path: /tmp/dbt/package-lock.yml
[0m15:12:44.009509 [debug] [Dummy-1   ]: Set downloads directory='/tmp/dbt-downloads-r77in6nx'
[0m15:12:44.011039 [info ] [Dummy-1   ]: Installing Snowflake-Labs/dbt_semantic_view
[0m15:12:44.436574 [info ] [Dummy-1   ]: Installed from version 1.0.3
[0m15:12:44.437188 [info ] [Dummy-1   ]: Up to date!
[0m15:12:44.439662 [debug] [Dummy-1   ]: Resource report: {"command_name": "deps", "command_success": true, "command_wall_clock_time": 1.2150646, "process_in_blocks": "0", "process_kernel_time": 0.89, "process_mem_max_rss": "397856", "process_out_blocks": "0", "process_user_time": 4.26}
[0m15:12:44.440431 [debug] [Dummy-1   ]: Command `cli deps` succeeded at 15:12:44.440140 after 1.22 seconds
[0m15:12:44.440993 [debug] [Dummy-1   ]: Flushing usage events


============================== 15:13:13.401174 | 2aafbc4a-2eb5-4575-89dd-50053985e220 ==============================
[0m15:13:13.401174 [info ] [Dummy-1   ]: Running with dbt=1.9.4
[0m15:13:13.402285 [debug] [Dummy-1   ]: running dbt with arguments {'printer_width': '80', 'indirect_selection': 'eager', 'log_cache_events': 'False', 'write_json': 'True', 'partial_parse': 'True', 'cache_selected_only': 'False', 'warn_error': 'None', 'debug': 'False', 'profiles_dir': '/tmp/dbt/', 'log_path': '/tmp/dbt/logs', 'version_check': 'True', 'fail_fast': 'False', 'use_colors': 'True', 'use_experimental_parser': 'False', 'no_print': 'None', 'quiet': 'False', 'empty': 'False', 'warn_error_options': 'WarnErrorOptions(include=[], exclude=[])', 'invocation_command': 'dbt ', 'introspect': 'True', 'log_format': 'default', 'target_path': '/tmp/dbt/target/', 'static_parser': 'True', 'send_anonymous_usage_stats': 'False'}
[0m15:13:13.472329 [error] [Dummy-1   ]:  adapter: Invalid profile: 'user' is a required property.
[0m15:13:13.781498 [info ] [Dummy-1   ]: Registered adapter: snowflake=1.9.2
[0m15:13:14.525265 [debug] [Dummy-1   ]: checksum: 53ed91fada2233efb98368d1716b44ab532c83a9c293cf1890b7905d5b45fb25, vars: {}, profile: , target: dev, version: 1.9.4
[0m15:13:14.527006 [info ] [Dummy-1   ]: Unable to do partial parsing because saved manifest not found. Starting full parse.
[0m15:13:16.966174 [error] [Dummy-1   ]: Encountered an error:
Compilation Error
  Model 'model.incident_management.v_qualify_slack_messages' (models/bronze_zone/v_qualify_slack_messages.sql) depends on a source named 'bronze_zone.users' which was not found
[0m15:13:16.968433 [debug] [Dummy-1   ]: Resource report: {"command_name": "compile", "command_success": false, "command_wall_clock_time": 3.6631558, "process_in_blocks": "0", "process_kernel_time": 1.47, "process_mem_max_rss": "456992", "process_out_blocks": "0", "process_user_time": 6.8}
[0m15:13:16.969237 [debug] [Dummy-1   ]: Command `cli compile` failed at 15:13:16.968947 after 3.66 seconds
[0m15:13:16.969934 [debug] [Dummy-1   ]: Flushing usage events


============================== 15:15:24.179284 | 00f90ef4-f8b3-4e3d-b1f2-b287fead49cb ==============================
[0m15:15:24.179284 [info ] [Dummy-1   ]: Running with dbt=1.9.4
[0m15:15:24.180378 [debug] [Dummy-1   ]: running dbt with arguments {'printer_width': '80', 'indirect_selection': 'eager', 'log_cache_events': 'False', 'write_json': 'True', 'partial_parse': 'True', 'cache_selected_only': 'False', 'profiles_dir': '/tmp/dbt/', 'fail_fast': 'False', 'warn_error': 'None', 'log_path': '/tmp/dbt/logs', 'version_check': 'True', 'debug': 'False', 'use_colors': 'True', 'use_experimental_parser': 'False', 'no_print': 'None', 'quiet': 'False', 'empty': 'False', 'log_format': 'default', 'invocation_command': 'dbt ', 'warn_error_options': 'WarnErrorOptions(include=[], exclude=[])', 'introspect': 'True', 'target_path': '/tmp/dbt/target/', 'static_parser': 'True', 'send_anonymous_usage_stats': 'False'}
[0m15:15:24.251213 [error] [Dummy-1   ]:  adapter: Invalid profile: 'user' is a required property.
[0m15:15:24.558549 [info ] [Dummy-1   ]: Registered adapter: snowflake=1.9.2
[0m15:15:25.302669 [debug] [Dummy-1   ]: checksum: 53ed91fada2233efb98368d1716b44ab532c83a9c293cf1890b7905d5b45fb25, vars: {}, profile: , target: dev, version: 1.9.4
[0m15:15:25.304461 [info ] [Dummy-1   ]: Unable to do partial parsing because saved manifest not found. Starting full parse.
[0m15:15:27.729003 [error] [Dummy-1   ]: Encountered an error:
Compilation Error
  Model 'model.incident_management.v_qualify_slack_messages' (models/bronze_zone/v_qualify_slack_messages.sql) depends on a source named 'bronze_zone.users' which was not found
[0m15:15:27.731287 [debug] [Dummy-1   ]: Resource report: {"command_name": "compile", "command_success": false, "command_wall_clock_time": 3.6493266, "process_in_blocks": "0", "process_kernel_time": 1.21, "process_mem_max_rss": "450348", "process_out_blocks": "0", "process_user_time": 6.87}
[0m15:15:27.732076 [debug] [Dummy-1   ]: Command `cli compile` failed at 15:15:27.731783 after 3.65 seconds
[0m15:15:27.732732 [debug] [Dummy-1   ]: Flushing usage events


============================== 15:19:15.642255 | b93fb2b6-6f83-4390-9f6e-d07fa0cb660a ==============================
[0m15:19:15.642255 [info ] [Dummy-1   ]: Running with dbt=1.9.4
[0m15:19:15.643573 [debug] [Dummy-1   ]: running dbt with arguments {'printer_width': '80', 'indirect_selection': 'eager', 'write_json': 'True', 'log_cache_events': 'False', 'partial_parse': 'True', 'cache_selected_only': 'False', 'warn_error': 'None', 'fail_fast': 'False', 'version_check': 'True', 'log_path': '/tmp/dbt/logs', 'debug': 'False', 'profiles_dir': '/tmp/dbt/', 'use_colors': 'True', 'use_experimental_parser': 'False', 'empty': 'False', 'quiet': 'False', 'no_print': 'None', 'warn_error_options': 'WarnErrorOptions(include=[], exclude=[])', 'invocation_command': 'dbt ', 'static_parser': 'True', 'log_format': 'default', 'target_path': '/tmp/dbt/target/', 'introspect': 'True', 'send_anonymous_usage_stats': 'False'}
[0m15:19:15.719257 [error] [Dummy-1   ]:  adapter: Invalid profile: 'user' is a required property.
[0m15:19:16.045839 [info ] [Dummy-1   ]: Registered adapter: snowflake=1.9.2
[0m15:19:16.820878 [debug] [Dummy-1   ]: checksum: 53ed91fada2233efb98368d1716b44ab532c83a9c293cf1890b7905d5b45fb25, vars: {}, profile: , target: dev, version: 1.9.4
[0m15:19:16.822329 [info ] [Dummy-1   ]: Unable to do partial parsing because saved manifest not found. Starting full parse.
[0m15:19:18.479988 [error] [Dummy-1   ]: Encountered an error:
Parsing Error in model document_question_extracts (models/bronze_zone/document_question_extracts.py)
  No jinja in python model code is allowed
[0m15:19:18.482069 [debug] [Dummy-1   ]: Resource report: {"command_name": "compile", "command_success": false, "command_wall_clock_time": 2.9435775, "process_in_blocks": "0", "process_kernel_time": 1.37, "process_mem_max_rss": "459032", "process_out_blocks": "0", "process_user_time": 6.16}
[0m15:19:18.482859 [debug] [Dummy-1   ]: Command `cli compile` failed at 15:19:18.482560 after 2.94 seconds
[0m15:19:18.483608 [debug] [Dummy-1   ]: Flushing usage events


============================== 15:20:29.732229 | 100732fe-e3f3-4771-9776-11001ee3b1cb ==============================
[0m15:20:29.732229 [info ] [Dummy-1   ]: Running with dbt=1.9.4
[0m15:20:29.733340 [debug] [Dummy-1   ]: running dbt with arguments {'printer_width': '80', 'indirect_selection': 'eager', 'log_cache_events': 'False', 'write_json': 'True', 'partial_parse': 'True', 'cache_selected_only': 'False', 'warn_error': 'None', 'debug': 'False', 'profiles_dir': '/tmp/dbt/', 'log_path': '/tmp/dbt/logs', 'version_check': 'True', 'fail_fast': 'False', 'use_colors': 'True', 'use_experimental_parser': 'False', 'no_print': 'None', 'quiet': 'False', 'empty': 'False', 'log_format': 'default', 'invocation_command': 'dbt ', 'introspect': 'True', 'static_parser': 'True', 'target_path': '/tmp/dbt/target/', 'warn_error_options': 'WarnErrorOptions(include=[], exclude=[])', 'send_anonymous_usage_stats': 'False'}
[0m15:20:29.803564 [error] [Dummy-1   ]:  adapter: Invalid profile: 'user' is a required property.
[0m15:20:30.110661 [info ] [Dummy-1   ]: Registered adapter: snowflake=1.9.2
[0m15:20:30.893415 [debug] [Dummy-1   ]: checksum: 53ed91fada2233efb98368d1716b44ab532c83a9c293cf1890b7905d5b45fb25, vars: {}, profile: , target: dev, version: 1.9.4
[0m15:20:30.895063 [info ] [Dummy-1   ]: Unable to do partial parsing because saved manifest not found. Starting full parse.
[0m15:20:33.352387 [error] [Dummy-1   ]: Encountered an error:
Compilation Error
  Model 'model.incident_management.v_stg_servicenow_incidents' (models/bronze_zone/v_stg_servicenow_incidents.sql) depends on a source named 'servicenow.incident' which was not found
[0m15:20:33.354558 [debug] [Dummy-1   ]: Resource report: {"command_name": "compile", "command_success": false, "command_wall_clock_time": 3.7193732, "process_in_blocks": "0", "process_kernel_time": 1.49, "process_mem_max_rss": "456680", "process_out_blocks": "0", "process_user_time": 6.63}
[0m15:20:33.355327 [debug] [Dummy-1   ]: Command `cli compile` failed at 15:20:33.355031 after 3.72 seconds
[0m15:20:33.355972 [debug] [Dummy-1   ]: Flushing usage events


============================== 15:22:29.132783 | 5ab5bdb2-6aa1-4a5c-b782-a9db3e7a4f04 ==============================
[0m15:22:29.132783 [info ] [Dummy-1   ]: Running with dbt=1.9.4
[0m15:22:29.133925 [debug] [Dummy-1   ]: running dbt with arguments {'printer_width': '80', 'indirect_selection': 'eager', 'write_json': 'True', 'log_cache_events': 'False', 'partial_parse': 'True', 'cache_selected_only': 'False', 'warn_error': 'None', 'debug': 'False', 'fail_fast': 'False', 'log_path': '/tmp/dbt/logs', 'version_check': 'True', 'profiles_dir': '/tmp/dbt/', 'use_colors': 'True', 'use_experimental_parser': 'False', 'no_print': 'None', 'quiet': 'False', 'empty': 'False', 'warn_error_options': 'WarnErrorOptions(include=[], exclude=[])', 'invocation_command': 'dbt ', 'introspect': 'True', 'log_format': 'default', 'target_path': '/tmp/dbt/target/', 'static_parser': 'True', 'send_anonymous_usage_stats': 'False'}
[0m15:22:29.206062 [error] [Dummy-1   ]:  adapter: Invalid profile: 'user' is a required property.
[0m15:22:29.518111 [info ] [Dummy-1   ]: Registered adapter: snowflake=1.9.2
[0m15:22:30.302681 [debug] [Dummy-1   ]: checksum: 53ed91fada2233efb98368d1716b44ab532c83a9c293cf1890b7905d5b45fb25, vars: {}, profile: , target: dev, version: 1.9.4
[0m15:22:30.304101 [info ] [Dummy-1   ]: Unable to do partial parsing because saved manifest not found. Starting full parse.
[0m15:22:32.761104 [error] [Dummy-1   ]: Encountered an error:
Compilation Error
  Model 'model.incident_management.build_semantic_view' (models/activation/build_semantic_view.sql) depends on a source named '<source_name>.<table_name>' which was not found
[0m15:22:32.763412 [debug] [Dummy-1   ]: Resource report: {"command_name": "compile", "command_success": false, "command_wall_clock_time": 3.7291534, "process_in_blocks": "0", "process_kernel_time": 1.31, "process_mem_max_rss": "457100", "process_out_blocks": "0", "process_user_time": 6.78}
[0m15:22:32.764199 [debug] [Dummy-1   ]: Command `cli compile` failed at 15:22:32.763908 after 3.73 seconds
[0m15:22:32.764897 [debug] [Dummy-1   ]: Flushing usage events


============================== 15:22:54.861744 | 39a7d734-a187-4e95-86c3-25817ceec97c ==============================
[0m15:22:54.861744 [info ] [Dummy-1   ]: Running with dbt=1.9.4
[0m15:22:54.862883 [debug] [Dummy-1   ]: running dbt with arguments {'printer_width': '80', 'indirect_selection': 'eager', 'log_cache_events': 'False', 'write_json': 'True', 'partial_parse': 'True', 'cache_selected_only': 'False', 'warn_error': 'None', 'fail_fast': 'False', 'version_check': 'True', 'log_path': '/tmp/dbt/logs', 'profiles_dir': '/tmp/dbt/', 'debug': 'False', 'use_colors': 'True', 'use_experimental_parser': 'False', 'empty': 'False', 'quiet': 'False', 'no_print': 'None', 'log_format': 'default', 'static_parser': 'True', 'invocation_command': 'dbt ', 'introspect': 'True', 'target_path': '/tmp/dbt/target/', 'warn_error_options': 'WarnErrorOptions(include=[], exclude=[])', 'send_anonymous_usage_stats': 'False'}
[0m15:22:54.935458 [error] [Dummy-1   ]:  adapter: Invalid profile: 'user' is a required property.
[0m15:22:55.250791 [info ] [Dummy-1   ]: Registered adapter: snowflake=1.9.2
[0m15:22:56.034218 [debug] [Dummy-1   ]: checksum: 53ed91fada2233efb98368d1716b44ab532c83a9c293cf1890b7905d5b45fb25, vars: {}, profile: , target: dev, version: 1.9.4
[0m15:22:56.036614 [info ] [Dummy-1   ]: Unable to do partial parsing because saved manifest not found. Starting full parse.
[0m15:22:58.543142 [error] [Dummy-1   ]: Encountered an error:
Compilation Error
  Model 'model.incident_management.active_incidents' (models/gold_zone/active_incidents.sql) depends on a source named 'bronze_zone.incidents' which was not found
[0m15:22:58.545202 [debug] [Dummy-1   ]: Resource report: {"command_name": "compile", "command_success": false, "command_wall_clock_time": 3.7819717, "process_in_blocks": "0", "process_kernel_time": 1.21, "process_mem_max_rss": "460560", "process_out_blocks": "0", "process_user_time": 6.89}
[0m15:22:58.545932 [debug] [Dummy-1   ]: Command `cli compile` failed at 15:22:58.545651 after 3.78 seconds
[0m15:22:58.546561 [debug] [Dummy-1   ]: Flushing usage events


============================== 15:27:04.619939 | 03750df2-1bed-45a8-be26-92d8d212992e ==============================
[0m15:27:04.619939 [info ] [Dummy-1   ]: Running with dbt=1.9.4
[0m15:27:04.621220 [debug] [Dummy-1   ]: running dbt with arguments {'printer_width': '80', 'indirect_selection': 'eager', 'log_cache_events': 'False', 'write_json': 'True', 'partial_parse': 'True', 'cache_selected_only': 'False', 'warn_error': 'None', 'fail_fast': 'False', 'debug': 'False', 'log_path': '/tmp/dbt/logs', 'profiles_dir': '/tmp/dbt/', 'version_check': 'True', 'use_colors': 'True', 'use_experimental_parser': 'False', 'no_print': 'None', 'quiet': 'False', 'empty': 'False', 'warn_error_options': 'WarnErrorOptions(include=[], exclude=[])', 'invocation_command': 'dbt ', 'log_format': 'default', 'introspect': 'True', 'target_path': '/tmp/dbt/target/', 'static_parser': 'True', 'send_anonymous_usage_stats': 'False'}
[0m15:27:04.697207 [error] [Dummy-1   ]:  adapter: Invalid profile: 'user' is a required property.
[0m15:27:05.025401 [info ] [Dummy-1   ]: Registered adapter: snowflake=1.9.2
[0m15:27:05.825750 [debug] [Dummy-1   ]: checksum: 53ed91fada2233efb98368d1716b44ab532c83a9c293cf1890b7905d5b45fb25, vars: {}, profile: , target: dev, version: 1.9.4
[0m15:27:05.827262 [info ] [Dummy-1   ]: Unable to do partial parsing because saved manifest not found. Starting full parse.
[0m15:27:07.453196 [error] [Dummy-1   ]: Encountered an error:
Compilation Error in model incidents (models/gold_zone/incidents.sql)
  unexpected '}', expected ')'
    line 25
      from {{(ref('v_qualify_slack_messages')}} lh
[0m15:27:07.455334 [debug] [Dummy-1   ]: Resource report: {"command_name": "compile", "command_success": false, "command_wall_clock_time": 2.938486, "process_in_blocks": "0", "process_kernel_time": 1.27, "process_mem_max_rss": "455504", "process_out_blocks": "0", "process_user_time": 6.17}
[0m15:27:07.456188 [debug] [Dummy-1   ]: Command `cli compile` failed at 15:27:07.455885 after 2.94 seconds
[0m15:27:07.456892 [debug] [Dummy-1   ]: Flushing usage events


============================== 15:27:48.273515 | 76e05c14-c406-42de-a49e-bb106a69b500 ==============================
[0m15:27:48.273515 [info ] [Dummy-1   ]: Running with dbt=1.9.4
[0m15:27:48.274681 [debug] [Dummy-1   ]: running dbt with arguments {'printer_width': '80', 'indirect_selection': 'eager', 'log_cache_events': 'False', 'write_json': 'True', 'partial_parse': 'True', 'cache_selected_only': 'False', 'warn_error': 'None', 'fail_fast': 'False', 'profiles_dir': '/tmp/dbt/', 'log_path': '/tmp/dbt/logs', 'debug': 'False', 'version_check': 'True', 'use_colors': 'True', 'use_experimental_parser': 'False', 'no_print': 'None', 'quiet': 'False', 'empty': 'False', 'log_format': 'default', 'introspect': 'True', 'static_parser': 'True', 'invocation_command': 'dbt ', 'target_path': '/tmp/dbt/target/', 'warn_error_options': 'WarnErrorOptions(include=[], exclude=[])', 'send_anonymous_usage_stats': 'False'}
[0m15:27:48.347392 [error] [Dummy-1   ]:  adapter: Invalid profile: 'user' is a required property.
[0m15:27:48.660711 [info ] [Dummy-1   ]: Registered adapter: snowflake=1.9.2
[0m15:27:49.436116 [debug] [Dummy-1   ]: checksum: 53ed91fada2233efb98368d1716b44ab532c83a9c293cf1890b7905d5b45fb25, vars: {}, profile: , target: dev, version: 1.9.4
[0m15:27:49.437439 [info ] [Dummy-1   ]: Unable to do partial parsing because saved manifest not found. Starting full parse.
[0m15:27:52.241884 [debug] [Dummy-1   ]: Wrote artifact WritableManifest to /tmp/dbt/target/manifest.json
[0m15:27:52.244608 [debug] [Dummy-1   ]: Wrote artifact SemanticManifest to /tmp/dbt/target/semantic_manifest.json
[0m15:27:52.457071 [info ] [Dummy-1   ]: Found 13 models, 19 data tests, 6 sources, 482 macros
[0m15:27:52.461596 [info ] [Dummy-1   ]: 
[0m15:27:52.462277 [info ] [Dummy-1   ]: Concurrency: 1 threads (target='dev')
[0m15:27:52.462769 [info ] [Dummy-1   ]: 
[0m15:27:52.463611 [debug] [Dummy-1   ]: Acquiring new snowflake connection 'master'
[0m15:27:52.472187 [debug] [ThreadPool]: Acquiring new snowflake connection 'list_incident_management_bronze_zone'
[0m15:27:52.626767 [debug] [ThreadPool]: Using snowflake connection "list_incident_management_bronze_zone"
[0m15:27:52.627428 [debug] [ThreadPool]: On list_incident_management_bronze_zone: /* {"app": "dbt", "dbt_version": "1.9.4", "profile_name": "incident_management", "target_name": "dev", "connection_name": "list_incident_management_bronze_zone"} */
alter session set quoted_identifiers_ignore_case = false;
[0m15:27:52.627935 [debug] [ThreadPool]: Opening a new connection, currently in state init
[0m15:27:53.689787 [debug] [ThreadPool]: SQL status: SUCCESS 1 in 1.062 seconds
[0m15:27:53.695667 [debug] [ThreadPool]: Using snowflake connection "list_incident_management_bronze_zone"
[0m15:27:53.696285 [debug] [ThreadPool]: On list_incident_management_bronze_zone: /* {"app": "dbt", "dbt_version": "1.9.4", "profile_name": "incident_management", "target_name": "dev", "connection_name": "list_incident_management_bronze_zone"} */
show objects in incident_management.bronze_zone
    limit 10000
    
;
[0m15:27:53.868936 [debug] [ThreadPool]: SQL status: SUCCESS 4 in 0.172 seconds
[0m15:27:53.872585 [debug] [ThreadPool]: Using snowflake connection "list_incident_management_bronze_zone"
[0m15:27:53.873197 [debug] [ThreadPool]: On list_incident_management_bronze_zone: /* {"app": "dbt", "dbt_version": "1.9.4", "profile_name": "incident_management", "target_name": "dev", "connection_name": "list_incident_management_bronze_zone"} */
alter session unset quoted_identifiers_ignore_case;
[0m15:27:53.990250 [debug] [ThreadPool]: SQL status: SUCCESS 1 in 0.116 seconds
[0m15:27:53.992893 [debug] [ThreadPool]: Re-using an available connection from the pool (formerly list_incident_management_bronze_zone, now list_incident_management_gold_zone)
[0m15:27:54.004794 [debug] [ThreadPool]: Using snowflake connection "list_incident_management_gold_zone"
[0m15:27:54.005452 [debug] [ThreadPool]: On list_incident_management_gold_zone: /* {"app": "dbt", "dbt_version": "1.9.4", "profile_name": "incident_management", "target_name": "dev", "connection_name": "list_incident_management_gold_zone"} */
alter session set quoted_identifiers_ignore_case = false;
[0m15:27:54.005950 [debug] [ThreadPool]: Opening a new connection, currently in state init
[0m15:27:54.981928 [debug] [ThreadPool]: SQL status: SUCCESS 1 in 0.976 seconds
[0m15:27:54.984463 [debug] [ThreadPool]: Using snowflake connection "list_incident_management_gold_zone"
[0m15:27:54.985056 [debug] [ThreadPool]: On list_incident_management_gold_zone: /* {"app": "dbt", "dbt_version": "1.9.4", "profile_name": "incident_management", "target_name": "dev", "connection_name": "list_incident_management_gold_zone"} */
show objects in incident_management.gold_zone
    limit 10000
    
;
[0m15:27:55.051307 [debug] [ThreadPool]: Snowflake adapter: Snowflake query id: 01c02cff-0206-e1f0-0032-318704d6e3be
[0m15:27:55.051965 [debug] [ThreadPool]: Snowflake adapter: Snowflake error: 002043 (02000): SQL compilation error:
Object does not exist, or operation cannot be performed.
[0m15:27:55.052633 [debug] [ThreadPool]: Snowflake adapter: Error running SQL: macro list_relations_without_caching
[0m15:27:55.053146 [debug] [ThreadPool]: Snowflake adapter: Rolling back transaction.
[0m15:27:55.059877 [debug] [Thread-2 (]: Began running node model.incident_management.users
[0m15:27:55.060717 [debug] [Thread-2 (]: Re-using an available connection from the pool (formerly list_incident_management_gold_zone, now model.incident_management.users)
[0m15:27:55.061340 [debug] [Thread-2 (]: Began compiling node model.incident_management.users
[0m15:27:55.081421 [debug] [Thread-2 (]: Writing injected SQL for node "model.incident_management.users"
[0m15:27:55.082462 [debug] [Thread-2 (]: Began executing node model.incident_management.users
[0m15:27:55.083528 [debug] [Thread-2 (]: Finished running node model.incident_management.users
[0m15:27:55.084752 [debug] [Thread-2 (]: Began running node model.incident_management.v_qualify_new_documents
[0m15:27:55.085588 [debug] [Thread-2 (]: Re-using an available connection from the pool (formerly model.incident_management.users, now model.incident_management.v_qualify_new_documents)
[0m15:27:55.086215 [debug] [Thread-2 (]: Began compiling node model.incident_management.v_qualify_new_documents
[0m15:27:55.098370 [debug] [Thread-2 (]: Writing injected SQL for node "model.incident_management.v_qualify_new_documents"
[0m15:27:55.099315 [debug] [Thread-2 (]: Began executing node model.incident_management.v_qualify_new_documents
[0m15:27:55.100355 [debug] [Thread-2 (]: Finished running node model.incident_management.v_qualify_new_documents
[0m15:27:55.101512 [debug] [Thread-2 (]: Began running node model.incident_management.v_qualify_slack_messages
[0m15:27:55.102821 [debug] [Thread-2 (]: Re-using an available connection from the pool (formerly model.incident_management.v_qualify_new_documents, now model.incident_management.v_qualify_slack_messages)
[0m15:27:55.103452 [debug] [Thread-2 (]: Began compiling node model.incident_management.v_qualify_slack_messages
[0m15:27:55.117972 [debug] [Thread-2 (]: Writing injected SQL for node "model.incident_management.v_qualify_slack_messages"
[0m15:27:55.118947 [debug] [Thread-2 (]: Began executing node model.incident_management.v_qualify_slack_messages
[0m15:27:55.120176 [debug] [Thread-2 (]: Finished running node model.incident_management.v_qualify_slack_messages
[0m15:27:55.121330 [debug] [Thread-2 (]: Began running node test.incident_management.source_not_null_bronze_zone_doc_metadata_channel_id.c215ee3d7c
[0m15:27:55.122336 [debug] [Thread-2 (]: Re-using an available connection from the pool (formerly model.incident_management.v_qualify_slack_messages, now test.incident_management.source_not_null_bronze_zone_doc_metadata_channel_id.c215ee3d7c)
[0m15:27:55.122942 [debug] [Thread-2 (]: Began compiling node test.incident_management.source_not_null_bronze_zone_doc_metadata_channel_id.c215ee3d7c
[0m15:27:55.141602 [debug] [Thread-2 (]: Writing injected SQL for node "test.incident_management.source_not_null_bronze_zone_doc_metadata_channel_id.c215ee3d7c"
[0m15:27:55.142568 [debug] [Thread-2 (]: Began executing node test.incident_management.source_not_null_bronze_zone_doc_metadata_channel_id.c215ee3d7c
[0m15:27:55.143635 [debug] [Thread-2 (]: Finished running node test.incident_management.source_not_null_bronze_zone_doc_metadata_channel_id.c215ee3d7c
[0m15:27:55.144775 [debug] [Thread-2 (]: Began running node test.incident_management.source_not_null_bronze_zone_doc_metadata_event_ts.8b545f1d7b
[0m15:27:55.145583 [debug] [Thread-2 (]: Re-using an available connection from the pool (formerly test.incident_management.source_not_null_bronze_zone_doc_metadata_channel_id.c215ee3d7c, now test.incident_management.source_not_null_bronze_zone_doc_metadata_event_ts.8b545f1d7b)
[0m15:27:55.146194 [debug] [Thread-2 (]: Began compiling node test.incident_management.source_not_null_bronze_zone_doc_metadata_event_ts.8b545f1d7b
[0m15:27:55.160635 [debug] [Thread-2 (]: Writing injected SQL for node "test.incident_management.source_not_null_bronze_zone_doc_metadata_event_ts.8b545f1d7b"
[0m15:27:55.161527 [debug] [Thread-2 (]: Began executing node test.incident_management.source_not_null_bronze_zone_doc_metadata_event_ts.8b545f1d7b
[0m15:27:55.162561 [debug] [Thread-2 (]: Finished running node test.incident_management.source_not_null_bronze_zone_doc_metadata_event_ts.8b545f1d7b
[0m15:27:55.163696 [debug] [Thread-2 (]: Began running node test.incident_management.source_not_null_bronze_zone_doc_metadata_file_id.b8ec34c9b2
[0m15:27:55.164464 [debug] [Thread-2 (]: Re-using an available connection from the pool (formerly test.incident_management.source_not_null_bronze_zone_doc_metadata_event_ts.8b545f1d7b, now test.incident_management.source_not_null_bronze_zone_doc_metadata_file_id.b8ec34c9b2)
[0m15:27:55.165047 [debug] [Thread-2 (]: Began compiling node test.incident_management.source_not_null_bronze_zone_doc_metadata_file_id.b8ec34c9b2
[0m15:27:55.177577 [debug] [Thread-2 (]: Writing injected SQL for node "test.incident_management.source_not_null_bronze_zone_doc_metadata_file_id.b8ec34c9b2"
[0m15:27:55.178577 [debug] [Thread-2 (]: Began executing node test.incident_management.source_not_null_bronze_zone_doc_metadata_file_id.b8ec34c9b2
[0m15:27:55.179622 [debug] [Thread-2 (]: Finished running node test.incident_management.source_not_null_bronze_zone_doc_metadata_file_id.b8ec34c9b2
[0m15:27:55.180681 [debug] [Thread-2 (]: Began running node test.incident_management.source_not_null_bronze_zone_file_hashes_hash_value.af662aaabc
[0m15:27:55.181463 [debug] [Thread-2 (]: Re-using an available connection from the pool (formerly test.incident_management.source_not_null_bronze_zone_doc_metadata_file_id.b8ec34c9b2, now test.incident_management.source_not_null_bronze_zone_file_hashes_hash_value.af662aaabc)
[0m15:27:55.182078 [debug] [Thread-2 (]: Began compiling node test.incident_management.source_not_null_bronze_zone_file_hashes_hash_value.af662aaabc
[0m15:27:55.194659 [debug] [Thread-2 (]: Writing injected SQL for node "test.incident_management.source_not_null_bronze_zone_file_hashes_hash_value.af662aaabc"
[0m15:27:55.195486 [debug] [Thread-2 (]: Began executing node test.incident_management.source_not_null_bronze_zone_file_hashes_hash_value.af662aaabc
[0m15:27:55.196478 [debug] [Thread-2 (]: Finished running node test.incident_management.source_not_null_bronze_zone_file_hashes_hash_value.af662aaabc
[0m15:27:55.197504 [debug] [Thread-2 (]: Began running node test.incident_management.source_not_null_bronze_zone_slack_members_conversationid.425c949d44
[0m15:27:55.198298 [debug] [Thread-2 (]: Re-using an available connection from the pool (formerly test.incident_management.source_not_null_bronze_zone_file_hashes_hash_value.af662aaabc, now test.incident_management.source_not_null_bronze_zone_slack_members_conversationid.425c949d44)
[0m15:27:55.198962 [debug] [Thread-2 (]: Began compiling node test.incident_management.source_not_null_bronze_zone_slack_members_conversationid.425c949d44
[0m15:27:55.213001 [debug] [Thread-2 (]: Writing injected SQL for node "test.incident_management.source_not_null_bronze_zone_slack_members_conversationid.425c949d44"
[0m15:27:55.213825 [debug] [Thread-2 (]: Began executing node test.incident_management.source_not_null_bronze_zone_slack_members_conversationid.425c949d44
[0m15:27:55.214835 [debug] [Thread-2 (]: Finished running node test.incident_management.source_not_null_bronze_zone_slack_members_conversationid.425c949d44
[0m15:27:55.215847 [debug] [Thread-2 (]: Began running node test.incident_management.source_not_null_bronze_zone_slack_members_lastupdated.3f8dd11efc
[0m15:27:55.216641 [debug] [Thread-2 (]: Re-using an available connection from the pool (formerly test.incident_management.source_not_null_bronze_zone_slack_members_conversationid.425c949d44, now test.incident_management.source_not_null_bronze_zone_slack_members_lastupdated.3f8dd11efc)
[0m15:27:55.217228 [debug] [Thread-2 (]: Began compiling node test.incident_management.source_not_null_bronze_zone_slack_members_lastupdated.3f8dd11efc
[0m15:27:55.229283 [debug] [Thread-2 (]: Writing injected SQL for node "test.incident_management.source_not_null_bronze_zone_slack_members_lastupdated.3f8dd11efc"
[0m15:27:55.230078 [debug] [Thread-2 (]: Began executing node test.incident_management.source_not_null_bronze_zone_slack_members_lastupdated.3f8dd11efc
[0m15:27:55.231059 [debug] [Thread-2 (]: Finished running node test.incident_management.source_not_null_bronze_zone_slack_members_lastupdated.3f8dd11efc
[0m15:27:55.232058 [debug] [Thread-2 (]: Began running node test.incident_management.source_not_null_bronze_zone_slack_messages_ts.472b618185
[0m15:27:55.232810 [debug] [Thread-2 (]: Re-using an available connection from the pool (formerly test.incident_management.source_not_null_bronze_zone_slack_members_lastupdated.3f8dd11efc, now test.incident_management.source_not_null_bronze_zone_slack_messages_ts.472b618185)
[0m15:27:55.233385 [debug] [Thread-2 (]: Began compiling node test.incident_management.source_not_null_bronze_zone_slack_messages_ts.472b618185
[0m15:27:55.246987 [debug] [Thread-2 (]: Writing injected SQL for node "test.incident_management.source_not_null_bronze_zone_slack_messages_ts.472b618185"
[0m15:27:55.247785 [debug] [Thread-2 (]: Began executing node test.incident_management.source_not_null_bronze_zone_slack_messages_ts.472b618185
[0m15:27:55.248804 [debug] [Thread-2 (]: Finished running node test.incident_management.source_not_null_bronze_zone_slack_messages_ts.472b618185
[0m15:27:55.249819 [debug] [Thread-2 (]: Began running node test.incident_management.source_not_null_bronze_zone_users_created_at.1978bf3b23
[0m15:27:55.250559 [debug] [Thread-2 (]: Re-using an available connection from the pool (formerly test.incident_management.source_not_null_bronze_zone_slack_messages_ts.472b618185, now test.incident_management.source_not_null_bronze_zone_users_created_at.1978bf3b23)
[0m15:27:55.251142 [debug] [Thread-2 (]: Began compiling node test.incident_management.source_not_null_bronze_zone_users_created_at.1978bf3b23
[0m15:27:55.263489 [debug] [Thread-2 (]: Writing injected SQL for node "test.incident_management.source_not_null_bronze_zone_users_created_at.1978bf3b23"
[0m15:27:55.264271 [debug] [Thread-2 (]: Began executing node test.incident_management.source_not_null_bronze_zone_users_created_at.1978bf3b23
[0m15:27:55.265221 [debug] [Thread-2 (]: Finished running node test.incident_management.source_not_null_bronze_zone_users_created_at.1978bf3b23
[0m15:27:55.266231 [debug] [Thread-2 (]: Began running node test.incident_management.source_not_null_bronze_zone_users_email.36447ce580
[0m15:27:55.266976 [debug] [Thread-2 (]: Re-using an available connection from the pool (formerly test.incident_management.source_not_null_bronze_zone_users_created_at.1978bf3b23, now test.incident_management.source_not_null_bronze_zone_users_email.36447ce580)
[0m15:27:55.267545 [debug] [Thread-2 (]: Began compiling node test.incident_management.source_not_null_bronze_zone_users_email.36447ce580
[0m15:27:55.281066 [debug] [Thread-2 (]: Writing injected SQL for node "test.incident_management.source_not_null_bronze_zone_users_email.36447ce580"
[0m15:27:55.281862 [debug] [Thread-2 (]: Began executing node test.incident_management.source_not_null_bronze_zone_users_email.36447ce580
[0m15:27:55.282845 [debug] [Thread-2 (]: Finished running node test.incident_management.source_not_null_bronze_zone_users_email.36447ce580
[0m15:27:55.283828 [debug] [Thread-2 (]: Began running node test.incident_management.source_not_null_bronze_zone_users_id.88848c2ec8
[0m15:27:55.284564 [debug] [Thread-2 (]: Re-using an available connection from the pool (formerly test.incident_management.source_not_null_bronze_zone_users_email.36447ce580, now test.incident_management.source_not_null_bronze_zone_users_id.88848c2ec8)
[0m15:27:55.285131 [debug] [Thread-2 (]: Began compiling node test.incident_management.source_not_null_bronze_zone_users_id.88848c2ec8
[0m15:27:55.297172 [debug] [Thread-2 (]: Writing injected SQL for node "test.incident_management.source_not_null_bronze_zone_users_id.88848c2ec8"
[0m15:27:55.297951 [debug] [Thread-2 (]: Began executing node test.incident_management.source_not_null_bronze_zone_users_id.88848c2ec8
[0m15:27:55.298980 [debug] [Thread-2 (]: Finished running node test.incident_management.source_not_null_bronze_zone_users_id.88848c2ec8
[0m15:27:55.299998 [debug] [Thread-2 (]: Began running node test.incident_management.source_unique_bronze_zone_users_email.fec1fcf20d
[0m15:27:55.300748 [debug] [Thread-2 (]: Re-using an available connection from the pool (formerly test.incident_management.source_not_null_bronze_zone_users_id.88848c2ec8, now test.incident_management.source_unique_bronze_zone_users_email.fec1fcf20d)
[0m15:27:55.301331 [debug] [Thread-2 (]: Began compiling node test.incident_management.source_unique_bronze_zone_users_email.fec1fcf20d
[0m15:27:55.316450 [debug] [Thread-2 (]: Writing injected SQL for node "test.incident_management.source_unique_bronze_zone_users_email.fec1fcf20d"
[0m15:27:55.317251 [debug] [Thread-2 (]: Began executing node test.incident_management.source_unique_bronze_zone_users_email.fec1fcf20d
[0m15:27:55.318227 [debug] [Thread-2 (]: Finished running node test.incident_management.source_unique_bronze_zone_users_email.fec1fcf20d
[0m15:27:55.321393 [debug] [Thread-2 (]: Began running node model.incident_management.document_full_extracts
[0m15:27:55.322188 [debug] [Thread-2 (]: Re-using an available connection from the pool (formerly test.incident_management.source_unique_bronze_zone_users_email.fec1fcf20d, now model.incident_management.document_full_extracts)
[0m15:27:55.322767 [debug] [Thread-2 (]: Began compiling node model.incident_management.document_full_extracts
[0m15:27:55.334167 [debug] [Thread-2 (]: Writing injected SQL for node "model.incident_management.document_full_extracts"
[0m15:27:55.335018 [debug] [Thread-2 (]: Began executing node model.incident_management.document_full_extracts
[0m15:27:55.336180 [debug] [Thread-2 (]: Finished running node model.incident_management.document_full_extracts
[0m15:27:55.337351 [debug] [Thread-2 (]: Began running node model.incident_management.document_question_extracts
[0m15:27:55.338159 [debug] [Thread-2 (]: Re-using an available connection from the pool (formerly model.incident_management.document_full_extracts, now model.incident_management.document_question_extracts)
[0m15:27:55.338889 [debug] [Thread-2 (]: Began compiling node model.incident_management.document_question_extracts
[0m15:27:55.372308 [debug] [Thread-2 (]: Writing injected SQL for node "model.incident_management.document_question_extracts"
[0m15:27:55.373199 [debug] [Thread-2 (]: Began executing node model.incident_management.document_question_extracts
[0m15:27:55.374230 [debug] [Thread-2 (]: Finished running node model.incident_management.document_question_extracts
[0m15:27:55.375381 [debug] [Thread-2 (]: Began running node model.incident_management.incidents
[0m15:27:55.376159 [debug] [Thread-2 (]: Re-using an available connection from the pool (formerly model.incident_management.document_question_extracts, now model.incident_management.incidents)
[0m15:27:55.376735 [debug] [Thread-2 (]: Began compiling node model.incident_management.incidents
[0m15:27:55.391476 [debug] [Thread-2 (]: Writing injected SQL for node "model.incident_management.incidents"
[0m15:27:55.392396 [debug] [Thread-2 (]: Began executing node model.incident_management.incidents
[0m15:27:55.393401 [debug] [Thread-2 (]: Finished running node model.incident_management.incidents
[0m15:27:55.395344 [debug] [Thread-2 (]: Began running node model.incident_management.active_incidents
[0m15:27:55.396238 [debug] [Thread-2 (]: Re-using an available connection from the pool (formerly model.incident_management.incidents, now model.incident_management.active_incidents)
[0m15:27:55.396816 [debug] [Thread-2 (]: Began compiling node model.incident_management.active_incidents
[0m15:27:55.408818 [debug] [Thread-2 (]: Writing injected SQL for node "model.incident_management.active_incidents"
[0m15:27:55.409640 [debug] [Thread-2 (]: Began executing node model.incident_management.active_incidents
[0m15:27:55.410662 [debug] [Thread-2 (]: Finished running node model.incident_management.active_incidents
[0m15:27:55.411769 [debug] [Thread-2 (]: Began running node model.incident_management.closed_incidents
[0m15:27:55.412517 [debug] [Thread-2 (]: Re-using an available connection from the pool (formerly model.incident_management.active_incidents, now model.incident_management.closed_incidents)
[0m15:27:55.413096 [debug] [Thread-2 (]: Began compiling node model.incident_management.closed_incidents
[0m15:27:55.426184 [debug] [Thread-2 (]: Writing injected SQL for node "model.incident_management.closed_incidents"
[0m15:27:55.427007 [debug] [Thread-2 (]: Began executing node model.incident_management.closed_incidents
[0m15:27:55.427981 [debug] [Thread-2 (]: Finished running node model.incident_management.closed_incidents
[0m15:27:55.429112 [debug] [Thread-2 (]: Began running node model.incident_management.incident_attachments
[0m15:27:55.430172 [debug] [Thread-2 (]: Re-using an available connection from the pool (formerly model.incident_management.closed_incidents, now model.incident_management.incident_attachments)
[0m15:27:55.430753 [debug] [Thread-2 (]: Began compiling node model.incident_management.incident_attachments
[0m15:27:55.443277 [debug] [Thread-2 (]: Writing injected SQL for node "model.incident_management.incident_attachments"
[0m15:27:55.444164 [debug] [Thread-2 (]: Began executing node model.incident_management.incident_attachments
[0m15:27:55.445157 [debug] [Thread-2 (]: Finished running node model.incident_management.incident_attachments
[0m15:27:55.446240 [debug] [Thread-2 (]: Began running node model.incident_management.incident_comment_history
[0m15:27:55.446981 [debug] [Thread-2 (]: Re-using an available connection from the pool (formerly model.incident_management.incident_attachments, now model.incident_management.incident_comment_history)
[0m15:27:55.447564 [debug] [Thread-2 (]: Began compiling node model.incident_management.incident_comment_history
[0m15:27:55.461463 [debug] [Thread-2 (]: Writing injected SQL for node "model.incident_management.incident_comment_history"
[0m15:27:55.462345 [debug] [Thread-2 (]: Began executing node model.incident_management.incident_comment_history
[0m15:27:55.463323 [debug] [Thread-2 (]: Finished running node model.incident_management.incident_comment_history
[0m15:27:55.464453 [debug] [Thread-2 (]: Began running node model.incident_management.monthly_incident_trends
[0m15:27:55.465228 [debug] [Thread-2 (]: Re-using an available connection from the pool (formerly model.incident_management.incident_comment_history, now model.incident_management.monthly_incident_trends)
[0m15:27:55.465803 [debug] [Thread-2 (]: Began compiling node model.incident_management.monthly_incident_trends
[0m15:27:55.477495 [debug] [Thread-2 (]: Writing injected SQL for node "model.incident_management.monthly_incident_trends"
[0m15:27:55.478368 [debug] [Thread-2 (]: Began executing node model.incident_management.monthly_incident_trends
[0m15:27:55.479480 [debug] [Thread-2 (]: Finished running node model.incident_management.monthly_incident_trends
[0m15:27:55.480565 [debug] [Thread-2 (]: Began running node model.incident_management.v_slack_msg_incident_number
[0m15:27:55.481326 [debug] [Thread-2 (]: Re-using an available connection from the pool (formerly model.incident_management.monthly_incident_trends, now model.incident_management.v_slack_msg_incident_number)
[0m15:27:55.481895 [debug] [Thread-2 (]: Began compiling node model.incident_management.v_slack_msg_incident_number
[0m15:27:55.493997 [debug] [Thread-2 (]: Writing injected SQL for node "model.incident_management.v_slack_msg_incident_number"
[0m15:27:55.494846 [debug] [Thread-2 (]: Began executing node model.incident_management.v_slack_msg_incident_number
[0m15:27:55.495989 [debug] [Thread-2 (]: Finished running node model.incident_management.v_slack_msg_incident_number
[0m15:27:55.497108 [debug] [Thread-2 (]: Began running node model.incident_management.weekly_incident_trends
[0m15:27:55.497874 [debug] [Thread-2 (]: Re-using an available connection from the pool (formerly model.incident_management.v_slack_msg_incident_number, now model.incident_management.weekly_incident_trends)
[0m15:27:55.498529 [debug] [Thread-2 (]: Began compiling node model.incident_management.weekly_incident_trends
[0m15:27:55.511856 [debug] [Thread-2 (]: Writing injected SQL for node "model.incident_management.weekly_incident_trends"
[0m15:27:55.512714 [debug] [Thread-2 (]: Began executing node model.incident_management.weekly_incident_trends
[0m15:27:55.513698 [debug] [Thread-2 (]: Finished running node model.incident_management.weekly_incident_trends
[0m15:27:55.514837 [debug] [Thread-2 (]: Began running node test.incident_management.accepted_values_closed_incidents_priority__low__medium__high__critical.663517691c
[0m15:27:55.515653 [debug] [Thread-2 (]: Re-using an available connection from the pool (formerly model.incident_management.weekly_incident_trends, now test.incident_management.accepted_values_closed_incidents_priority__low__medium__high__critical.663517691c)
[0m15:27:55.516248 [debug] [Thread-2 (]: Began compiling node test.incident_management.accepted_values_closed_incidents_priority__low__medium__high__critical.663517691c
[0m15:27:55.529074 [debug] [Thread-2 (]: Writing injected SQL for node "test.incident_management.accepted_values_closed_incidents_priority__low__medium__high__critical.663517691c"
[0m15:27:55.529925 [debug] [Thread-2 (]: Began executing node test.incident_management.accepted_values_closed_incidents_priority__low__medium__high__critical.663517691c
[0m15:27:55.530923 [debug] [Thread-2 (]: Finished running node test.incident_management.accepted_values_closed_incidents_priority__low__medium__high__critical.663517691c
[0m15:27:55.531972 [debug] [Thread-2 (]: Began running node test.incident_management.accepted_values_closed_incidents_status__closed__resolved.ebedd591a4
[0m15:27:55.532730 [debug] [Thread-2 (]: Re-using an available connection from the pool (formerly test.incident_management.accepted_values_closed_incidents_priority__low__medium__high__critical.663517691c, now test.incident_management.accepted_values_closed_incidents_status__closed__resolved.ebedd591a4)
[0m15:27:55.533301 [debug] [Thread-2 (]: Began compiling node test.incident_management.accepted_values_closed_incidents_status__closed__resolved.ebedd591a4
[0m15:27:55.546828 [debug] [Thread-2 (]: Writing injected SQL for node "test.incident_management.accepted_values_closed_incidents_status__closed__resolved.ebedd591a4"
[0m15:27:55.547637 [debug] [Thread-2 (]: Began executing node test.incident_management.accepted_values_closed_incidents_status__closed__resolved.ebedd591a4
[0m15:27:55.548663 [debug] [Thread-2 (]: Finished running node test.incident_management.accepted_values_closed_incidents_status__closed__resolved.ebedd591a4
[0m15:27:55.549702 [debug] [Thread-2 (]: Began running node test.incident_management.not_null_closed_incidents_closed_at.ff47a7249a
[0m15:27:55.550450 [debug] [Thread-2 (]: Re-using an available connection from the pool (formerly test.incident_management.accepted_values_closed_incidents_status__closed__resolved.ebedd591a4, now test.incident_management.not_null_closed_incidents_closed_at.ff47a7249a)
[0m15:27:55.551020 [debug] [Thread-2 (]: Began compiling node test.incident_management.not_null_closed_incidents_closed_at.ff47a7249a
[0m15:27:55.563325 [debug] [Thread-2 (]: Writing injected SQL for node "test.incident_management.not_null_closed_incidents_closed_at.ff47a7249a"
[0m15:27:55.564151 [debug] [Thread-2 (]: Began executing node test.incident_management.not_null_closed_incidents_closed_at.ff47a7249a
[0m15:27:55.565128 [debug] [Thread-2 (]: Finished running node test.incident_management.not_null_closed_incidents_closed_at.ff47a7249a
[0m15:27:55.566212 [debug] [Thread-2 (]: Began running node test.incident_management.not_null_closed_incidents_created_at.f144a202e9
[0m15:27:55.566980 [debug] [Thread-2 (]: Re-using an available connection from the pool (formerly test.incident_management.not_null_closed_incidents_closed_at.ff47a7249a, now test.incident_management.not_null_closed_incidents_created_at.f144a202e9)
[0m15:27:55.567549 [debug] [Thread-2 (]: Began compiling node test.incident_management.not_null_closed_incidents_created_at.f144a202e9
[0m15:27:55.581431 [debug] [Thread-2 (]: Writing injected SQL for node "test.incident_management.not_null_closed_incidents_created_at.f144a202e9"
[0m15:27:55.582287 [debug] [Thread-2 (]: Began executing node test.incident_management.not_null_closed_incidents_created_at.f144a202e9
[0m15:27:55.583252 [debug] [Thread-2 (]: Finished running node test.incident_management.not_null_closed_incidents_created_at.f144a202e9
[0m15:27:55.584298 [debug] [Thread-2 (]: Began running node test.incident_management.not_null_closed_incidents_incident_number.f083158543
[0m15:27:55.585027 [debug] [Thread-2 (]: Re-using an available connection from the pool (formerly test.incident_management.not_null_closed_incidents_created_at.f144a202e9, now test.incident_management.not_null_closed_incidents_incident_number.f083158543)
[0m15:27:55.585593 [debug] [Thread-2 (]: Began compiling node test.incident_management.not_null_closed_incidents_incident_number.f083158543
[0m15:27:55.597852 [debug] [Thread-2 (]: Writing injected SQL for node "test.incident_management.not_null_closed_incidents_incident_number.f083158543"
[0m15:27:55.598719 [debug] [Thread-2 (]: Began executing node test.incident_management.not_null_closed_incidents_incident_number.f083158543
[0m15:27:55.599682 [debug] [Thread-2 (]: Finished running node test.incident_management.not_null_closed_incidents_incident_number.f083158543
[0m15:27:55.600710 [debug] [Thread-2 (]: Began running node test.incident_management.not_null_closed_incidents_title.bf5e3f1d33
[0m15:27:55.601450 [debug] [Thread-2 (]: Re-using an available connection from the pool (formerly test.incident_management.not_null_closed_incidents_incident_number.f083158543, now test.incident_management.not_null_closed_incidents_title.bf5e3f1d33)
[0m15:27:55.602024 [debug] [Thread-2 (]: Began compiling node test.incident_management.not_null_closed_incidents_title.bf5e3f1d33
[0m15:27:55.614135 [debug] [Thread-2 (]: Writing injected SQL for node "test.incident_management.not_null_closed_incidents_title.bf5e3f1d33"
[0m15:27:55.614915 [debug] [Thread-2 (]: Began executing node test.incident_management.not_null_closed_incidents_title.bf5e3f1d33
[0m15:27:55.615879 [debug] [Thread-2 (]: Finished running node test.incident_management.not_null_closed_incidents_title.bf5e3f1d33
[0m15:27:55.616930 [debug] [Thread-2 (]: Began running node test.incident_management.not_null_closed_incidents_total_resolution_hours.838e65647a
[0m15:27:55.617680 [debug] [Thread-2 (]: Re-using an available connection from the pool (formerly test.incident_management.not_null_closed_incidents_title.bf5e3f1d33, now test.incident_management.not_null_closed_incidents_total_resolution_hours.838e65647a)
[0m15:27:55.618272 [debug] [Thread-2 (]: Began compiling node test.incident_management.not_null_closed_incidents_total_resolution_hours.838e65647a
[0m15:27:55.631977 [debug] [Thread-2 (]: Writing injected SQL for node "test.incident_management.not_null_closed_incidents_total_resolution_hours.838e65647a"
[0m15:27:55.632765 [debug] [Thread-2 (]: Began executing node test.incident_management.not_null_closed_incidents_total_resolution_hours.838e65647a
[0m15:27:55.633712 [debug] [Thread-2 (]: Finished running node test.incident_management.not_null_closed_incidents_total_resolution_hours.838e65647a
[0m15:27:55.634765 [debug] [Thread-2 (]: Began running node test.incident_management.unique_closed_incidents_incident_number.dd9483020e
[0m15:27:55.635501 [debug] [Thread-2 (]: Re-using an available connection from the pool (formerly test.incident_management.not_null_closed_incidents_total_resolution_hours.838e65647a, now test.incident_management.unique_closed_incidents_incident_number.dd9483020e)
[0m15:27:55.636067 [debug] [Thread-2 (]: Began compiling node test.incident_management.unique_closed_incidents_incident_number.dd9483020e
[0m15:27:55.647806 [debug] [Thread-2 (]: Writing injected SQL for node "test.incident_management.unique_closed_incidents_incident_number.dd9483020e"
[0m15:27:55.648638 [debug] [Thread-2 (]: Began executing node test.incident_management.unique_closed_incidents_incident_number.dd9483020e
[0m15:27:55.649592 [debug] [Thread-2 (]: Finished running node test.incident_management.unique_closed_incidents_incident_number.dd9483020e
[0m15:27:55.651998 [debug] [Dummy-1   ]: Connection 'master' was properly closed.
[0m15:27:55.652530 [debug] [Dummy-1   ]: Connection 'test.incident_management.unique_closed_incidents_incident_number.dd9483020e' was properly closed.
[0m15:27:55.658230 [debug] [Dummy-1   ]: Command end result
[0m15:27:55.701142 [debug] [Dummy-1   ]: Wrote artifact WritableManifest to /tmp/dbt/target/manifest.json
[0m15:27:55.703683 [debug] [Dummy-1   ]: Wrote artifact SemanticManifest to /tmp/dbt/target/semantic_manifest.json
[0m15:27:55.714106 [debug] [Dummy-1   ]: Wrote artifact RunExecutionResult to /tmp/dbt/target/run_results.json
[0m15:27:55.716200 [debug] [Dummy-1   ]: Resource report: {"command_name": "compile", "command_success": true, "command_wall_clock_time": 7.5425835, "process_in_blocks": "0", "process_kernel_time": 1.28, "process_mem_max_rss": "493632", "process_out_blocks": "0", "process_user_time": 8.35}
[0m15:27:55.716914 [debug] [Dummy-1   ]: Command `cli compile` succeeded at 15:27:55.716635 after 7.54 seconds
[0m15:27:55.717474 [debug] [Dummy-1   ]: Flushing usage events
